------- Hora ------ ---- ------------------------ Operacion -----------------------
2025-03-24 11:05:25 ---- Se ha iniciado el menu
2025-03-24 11:05:30 ---- Se ha hecho login
2025-03-24 11:26:53 ---- Se ha iniciado el menu
2025-03-24 11:26:54 ---- Se esta registrando un nuevo usuario
2025-03-24 11:27:01 ---- Se esta mirando el archivo en busca de usuarios identicos
2025-03-24 11:27:01 ---- Se ha registrado un nuevo usuario
2025-03-24 11:27:01 ---- Se ha hecho logun
2025-03-24 11:27:15 ---- Se esta intentando hacer login
2025-03-24 11:27:17 ---- Se esta mirando el archivo en busca de usuarios identicos
2025-03-24 11:27:18 ---- Se ha hecho login
2025-03-24 11:27:20 ---- Se ha cerrado el banco
2025-03-24 11:27:21 ---- Se ha cerrado el banco
2025-03-24 11:28:39 ---- Se ha iniciado el menu
2025-03-24 11:28:54 ---- Se esta registrando un nuevo usuario
2025-03-24 11:28:57 ---- Se esta mirando el archivo en busca de usuarios identicos
2025-03-24 11:28:57 ---- Se ha registrado un nuevo usuario
2025-03-24 11:28:57 ---- Se ha hecho logun
2025-03-24 11:29:00 ---- Se ha cerrado el banco
2025-03-24 11:29:23 ---- Se ha iniciado el menu
2025-03-24 11:29:43 ---- Se esta registrando un nuevo usuario
2025-03-24 11:29:46 ---- Se esta mirando el archivo en busca de usuarios identicos
2025-03-24 11:29:46 ---- Se ha registrado un nuevo usuario
2025-03-24 11:29:46 ---- Se ha hecho logun
2025-03-24 11:29:48 ---- Se ha cerrado el banco
2025-03-24 11:30:48 ---- Se ha iniciado el menu
2025-03-24 11:30:49 ---- Se esta intentando hacer login
2025-03-24 11:30:50 ---- Se esta mirando el archivo en busca de usuarios identicos
2025-03-24 11:30:51 ---- Se ha hecho login
2025-03-24 11:31:00 ---- Se ha cerrado el banco
2025-03-25 09:08:50 ---- Se ha iniciado el menu
2025-03-25 09:08:54 ---- Se esta registrando un nuevo usuario
2025-03-25 09:08:59 ---- Se ha registrado un nuevo usuario
2025-03-25 09:08:59 ---- Se ha hecho login
2025-03-25 09:09:14 ---- Se esta intentando hacer login
2025-03-25 09:09:24 ---- El usuario no existe
2025-03-25 09:09:47 ---- Se ha cerrado el banco
2025-03-25 09:14:03 ---- Se ha iniciado el menu
2025-03-25 09:14:09 ---- Se esta registrando un nuevo usuario
2025-03-25 09:14:28 ---- Se ha registrado un nuevo usuario
2025-03-25 09:14:28 ---- Se ha hecho login
2025-03-25 09:14:34 ---- Se esta intentando hacer login
2025-03-25 09:14:41 ---- El usuario no existe
2025-03-25 09:14:57 ---- Se ha cerrado el banco
2025-03-25 09:14:58 ---- Se ha iniciado el menu
2025-03-25 09:15:35 ---- Se ha cerrado el banco
2025-03-25 09:15:43 ---- Se ha iniciado el menu
2025-03-25 09:15:45 ---- Se esta registrando un nuevo usuario
2025-03-25 09:15:47 ---- Se ha registrado un nuevo usuario
2025-03-25 09:15:47 ---- Se ha hecho login
2025-03-25 09:15:53 ---- Se esta intentando hacer login
2025-03-25 09:15:58 ---- El usuario no existe
2025-03-25 09:16:13 ---- Se ha cerrado el banco
2025-03-25 09:23:38 ---- Se ha iniciado el menu
2025-03-25 09:23:42 ---- Se ha cerrado el banco
2025-03-25 09:23:59 ---- Se ha iniciado el menu
2025-03-25 09:24:02 ---- Se esta registrando un nuevo usuario
2025-03-25 09:24:05 ---- Se ha registrado un nuevo usuario
2025-03-25 09:24:05 ---- Se ha hecho login
2025-03-25 09:24:10 ---- Se esta intentando hacer login
2025-03-25 09:24:18 ---- El usuario no existe
2025-03-25 09:24:34 ---- Se ha cerrado el banco
2025-03-25 09:25:37 ---- Se ha iniciado el menu
2025-03-25 09:25:40 ---- Se esta intentando hacer login
2025-03-25 09:25:45 ---- Se ha hecho login
2025-03-25 09:25:52 ---- Se ha cerrado el banco
2025-03-25 09:25:55 ---- Se ha iniciado el menu
2025-03-25 09:25:57 ---- Se esta registrando un nuevo usuario
2025-03-25 09:25:59 ---- Se ha registrado un nuevo usuario
2025-03-25 09:25:59 ---- Se ha hecho login
2025-03-25 09:26:03 ---- Se esta intentando hacer login
2025-03-25 09:26:09 ---- Se ha hecho login
2025-03-25 09:26:19 ---- Se ha cerrado el banco
2025-03-25 12:44:57 ---- Se ha iniciado el menu
2025-03-25 12:44:59 ---- Se esta intentando hacer login
2025-03-25 12:45:44 ---- Se ha iniciado el menu
2025-03-25 12:45:46 ---- Se esta registrando un nuevo usuario
2025-03-25 12:45:49 ---- Se ha registrado un nuevo usuario
2025-03-25 12:45:49 ---- Se ha hecho login
2025-03-25 12:47:22 ---- Se esta intentando hacer login
2025-03-25 12:47:28 ---- Se ha hecho login
2025-03-25 17:41:07 ---- Se ha iniciado el menu
2025-03-25 17:41:34 ---- Se esta intentando hacer login
2025-03-25 17:41:44 ---- Se ha iniciado el menu
2025-03-25 17:41:46 ---- Se esta registrando un nuevo usuario
2025-03-25 17:41:51 ---- Se ha registrado un nuevo usuario
2025-03-25 17:41:51 ---- Se ha hecho login
2025-03-25 17:42:12 ---- Se ha iniciado el menu
2025-03-25 17:42:13 ---- Se esta intentando hacer login
2025-03-25 17:42:27 ---- Se ha iniciado el menu
2025-03-25 17:42:29 ---- Se esta intentando hacer login
2025-03-25 17:44:10 ---- Se ha iniciado el menu
2025-03-25 17:44:12 ---- Se esta intentando hacer login
2025-03-25 17:44:20 ---- Se ha iniciado el menu
2025-03-25 17:44:22 ---- Se esta intentando hacer login
2025-03-25 17:44:27 ---- Se ha hecho login
2025-03-25 18:00:51 ---- Se ha cerrado el banco
2025-03-25 18:05:21 ---- Se ha iniciado el menu
2025-03-25 18:05:23 ---- Se esta intentando hacer login
2025-03-25 18:05:45 ---- Se ha iniciado el menu
2025-03-25 18:05:47 ---- Se esta intentando hacer login
2025-03-25 18:06:32 ---- Se ha iniciado el menu
2025-03-25 18:06:35 ---- Se esta registrando un nuevo usuario
2025-03-25 18:06:42 ---- Se ha registrado un nuevo usuario
2025-03-25 18:06:42 ---- Se ha hecho login
2025-03-25 18:07:15 ---- Se esta intentando hacer login
2025-03-25 18:07:23 ---- Se ha hecho login
2025-03-25 18:08:36 ---- Se ha cerrado el banco
2025-03-25 18:09:05 ---- Se ha iniciado el menu
2025-03-25 18:09:07 ---- Se esta intentando hacer login
2025-03-25 18:09:17 ---- Se ha hecho login
2025-03-25 18:09:34 ---- Se esta intentando hacer login
2025-03-25 18:09:42 ---- El usuario no existe
2025-03-25 18:11:01 ---- Se ha cerrado el banco
2025-03-25 18:11:14 ---- Se ha iniciado el menu
2025-03-25 18:11:16 ---- Se esta intentando hacer login
2025-03-25 18:11:22 ---- Se ha hecho login
2025-03-25 18:20:30 ---- Se ha cerrado el banco
2025-03-25 18:20:37 ---- Se ha iniciado el menu
2025-03-25 18:20:39 ---- Se esta intentando hacer login
2025-03-25 18:20:51 ---- Se ha iniciado el menu
2025-03-25 18:20:53 ---- Se esta intentando hacer login
2025-03-25 18:22:01 ---- Se ha iniciado el menu
2025-03-25 18:22:03 ---- Se esta intentando hacer login
2025-03-25 18:22:13 ---- Se ha hecho login
2025-03-25 18:22:35 ---- Se ha cerrado el banco
2025-03-26 08:32:05 ---- Se ha iniciado el menu
2025-03-26 08:32:07 ---- Se esta intentando hacer login
2025-03-26 08:32:13 ---- Se ha hecho login
2025-03-26 08:34:23 ---- Se ha cerrado el banco
2025-03-26 08:34:28 ---- Se ha iniciado el menu
2025-03-26 08:34:30 ---- Se esta intentando hacer login
2025-03-26 08:34:35 ---- Se ha hecho login
2025-03-26 08:35:08 ---- Se esta intentando hacer login
2025-03-26 08:35:14 ---- Se ha hecho login
2025-03-26 08:35:28 ---- Se ha cerrado el banco
2025-03-26 08:36:11 ---- Se ha iniciado el menu
2025-03-26 08:36:16 ---- Se esta intentando hacer login
2025-03-26 08:36:21 ---- El usuario no existe
2025-03-26 08:36:25 ---- Se esta intentando hacer login
2025-03-26 08:36:43 ---- Se ha iniciado el menu
2025-03-26 08:36:45 ---- Se esta intentando hacer login
2025-03-26 08:37:31 ---- Se ha iniciado el menu
2025-03-26 08:37:33 ---- Se esta intentando hacer login
2025-03-26 08:37:39 ---- Se ha hecho login
2025-03-26 08:42:29 ---- Se ha cerrado el banco
2025-03-26 08:43:33 ---- Se ha iniciado el menu
2025-03-26 08:43:35 ---- Se esta intentando hacer login
2025-03-26 08:43:41 ---- Se ha hecho login
2025-03-26 08:43:54 ---- Se ha cerrado el banco
2025-03-26 08:49:05 ---- Se ha iniciado el menu
2025-03-26 08:49:07 ---- Se esta intentando hacer login
2025-03-26 08:49:34 ---- Se ha iniciado el menu
2025-03-26 08:49:36 ---- Se esta intentando hacer login
2025-03-26 08:50:25 ---- Se ha iniciado el menu
2025-03-26 08:50:26 ---- Se esta intentando hacer login
2025-03-26 08:50:40 ---- Se ha iniciado el menu
2025-03-26 08:50:41 ---- Se esta intentando hacer login
2025-03-26 08:50:46 ---- Se ha hecho login
2025-03-26 08:52:13 ---- Se ha cerrado el banco
2025-03-26 08:52:17 ---- Se ha iniciado el menu
2025-03-26 08:52:18 ---- Se esta intentando hacer login
2025-03-26 08:57:20 ---- Se ha iniciado el menu
2025-03-26 08:57:22 ---- Se esta intentando hacer login
2025-03-26 08:57:27 ---- Se ha hecho login
2025-03-26 08:57:36 ---- Se ha cerrado el banco
2025-03-26 08:58:30 ---- Se ha iniciado el menu
2025-03-26 08:58:32 ---- Se esta intentando hacer login
2025-03-26 08:58:37 ---- Se ha hecho login
2025-03-26 08:59:49 ---- Se ha cerrado el banco
2025-03-26 08:59:57 ---- Se ha iniciado el menu
2025-03-26 09:00:06 ---- Se esta intentando hacer login
2025-03-26 09:00:13 ---- Se ha hecho login
2025-03-26 09:00:19 ---- Se ha cerrado el banco
2025-03-26 09:05:48 ---- Se ha iniciado el menu
2025-03-26 09:05:50 ---- Se esta intentando hacer login
2025-03-26 09:05:56 ---- Se ha hecho login
2025-03-26 09:08:50 ---- Se ha iniciado el menu
2025-03-26 09:08:52 ---- Se esta intentando hacer login
2025-03-26 09:08:59 ---- Se ha hecho login
2025-03-26 09:09:17 ---- Se ha cerrado el banco
2025-03-26 09:09:18 ---- Se ha iniciado el menu
2025-03-26 09:09:19 ---- Se esta intentando hacer login
2025-03-26 09:09:25 ---- Se ha hecho login
2025-03-26 09:09:50 ---- Se ha iniciado el menu
2025-03-26 09:09:51 ---- Se esta intentando hacer login
2025-03-26 09:09:59 ---- Se ha hecho login
2025-03-26 09:13:49 ---- Se ha cerrado el banco
2025-03-26 09:15:24 ---- Se ha iniciado el menu
2025-03-26 09:15:30 ---- Se esta intentando hacer login
2025-03-26 09:15:38 ---- Se ha hecho login
2025-03-26 09:15:47 ---- Se ha cerrado el banco
2025-03-26 09:22:39 ---- Se ha iniciado el menu
2025-03-26 09:22:41 ---- Se esta intentando hacer login
2025-03-26 09:22:46 ---- Se ha hecho login
2025-03-26 09:23:03 ---- Se ha cerrado el banco
2025-03-26 09:24:30 ---- Se ha iniciado el menu
2025-03-26 09:24:32 ---- Se esta intentando hacer login
2025-03-26 09:24:39 ---- Se ha hecho login
2025-03-26 09:24:55 ---- Se ha introducido un parametor incorrecto
2025-03-26 09:25:54 ---- Se ha iniciado el menu
2025-03-26 09:25:55 ---- Se esta intentando hacer login
2025-03-26 09:25:59 ---- Se ha hecho login
2025-03-26 09:27:45 ---- Se ha cerrado el banco
2025-03-26 09:27:49 ---- Se ha iniciado el menu
2025-03-26 09:27:50 ---- Se esta intentando hacer login
2025-03-26 09:27:56 ---- Se ha hecho login
2025-03-26 09:46:40 ---- Se ha iniciado el menu
2025-03-26 09:46:42 ---- Se esta intentando hacer login
2025-03-26 09:46:48 ---- Se ha hecho login
2025-03-26 09:48:30 ---- Se ha iniciado el menu
2025-03-26 09:48:31 ---- Se esta intentando hacer login
2025-03-26 09:48:37 ---- Se ha hecho login
2025-03-26 09:51:12 ---- Se ha iniciado el menu
2025-03-26 09:51:13 ---- Se esta intentando hacer login
2025-03-26 09:51:21 ---- Se ha hecho login
2025-03-26 09:52:25 ---- Se ha iniciado el menu
2025-03-26 09:52:26 ---- Se esta intentando hacer login
2025-03-26 09:52:31 ---- Se ha hecho login
2025-03-26 09:53:00 ---- Se ha iniciado el menu
2025-03-26 09:53:01 ---- Se esta intentando hacer login
2025-03-26 09:53:09 ---- Se ha hecho login
2025-03-26 09:54:13 ---- Se ha iniciado el menu
2025-03-26 09:54:14 ---- Se esta intentando hacer login
2025-03-26 09:54:19 ---- Se ha hecho login
2025-03-26 09:58:36 ---- Se ha iniciado el menu
2025-03-26 09:58:38 ---- Se esta intentando hacer login
2025-03-26 09:58:45 ---- Se ha hecho login
2025-03-26 09:58:52 ---- Se ha cerrado el banco
2025-03-26 10:09:15 ---- Se ha iniciado el menu
2025-03-26 10:09:17 ---- Se esta intentando hacer login
2025-03-26 10:09:21 ---- Se ha hecho login
2025-03-26 10:09:31 ---- Se ha cerrado el banco
2025-03-26 10:11:31 ---- Se ha iniciado el menu
2025-03-26 10:11:33 ---- Se esta intentando hacer login
2025-03-26 10:11:40 ---- Se ha hecho login
2025-03-26 10:11:49 ---- Se ha cerrado el banco
2025-03-26 11:02:49 ---- Se ha iniciado el menu
2025-03-26 11:02:53 ---- Se esta intentando hacer login
2025-03-26 11:03:07 ---- Se ha hecho login
2025-03-26 11:06:14 ---- Se ha introducido un parametor incorrecto
2025-03-26 11:06:22 ---- Se ha iniciado el menu
2025-03-26 11:06:23 ---- Se esta intentando hacer login
2025-03-26 11:06:29 ---- Se ha hecho login
2025-03-26 11:13:32 ---- Se ha iniciado el menu
2025-03-26 11:13:33 ---- Se esta intentando hacer login
2025-03-26 11:13:39 ---- Se ha hecho login
2025-03-26 11:13:46 ---- Se ha cerrado el banco
2025-03-26 11:16:35 ---- Se ha iniciado el menu
2025-03-26 11:16:39 ---- Se ha introducido un parametor incorrecto
2025-03-26 11:16:43 ---- Se ha iniciado el menu
2025-03-26 11:16:44 ---- Se esta intentando hacer login
2025-03-26 11:16:49 ---- Se ha hecho login
2025-03-26 11:19:50 ---- Se ha introducido un parametor incorrecto
2025-03-26 15:46:55 ---- Se ha iniciado el menu
2025-03-26 15:46:56 ---- Se esta intentando hacer login
2025-03-26 15:47:02 ---- Se ha hecho login
2025-03-26 15:49:39 ---- Se ha cerrado el banco
2025-03-26 15:49:47 ---- Se ha iniciado el menu
2025-03-26 15:49:48 ---- Se esta intentando hacer login
2025-03-26 15:49:55 ---- Se ha hecho login
2025-03-26 15:50:03 ---- Se esta intentando hacer login
2025-03-26 15:50:09 ---- Se ha hecho login
2025-03-26 15:51:04 ---- Se ha iniciado el menu
2025-03-26 15:51:05 ---- Se esta intentando hacer login
2025-03-26 15:51:12 ---- Se ha hecho login
2025-03-26 15:51:59 ---- Se ha cerrado el banco
2025-03-26 15:52:34 ---- Se ha iniciado el menu
2025-03-26 15:52:35 ---- Se esta intentando hacer login
2025-03-26 15:52:41 ---- Se ha hecho login
2025-03-26 15:52:54 ---- Se esta intentando hacer login
2025-03-26 15:52:59 ---- Se ha hecho login
2025-03-26 15:53:50 ---- Se ha cerrado el banco
2025-03-26 15:53:53 ---- Se ha iniciado el menu
2025-03-26 15:53:54 ---- Se esta intentando hacer login
2025-03-26 15:54:00 ---- Se ha hecho login
2025-03-26 15:54:09 ---- Se esta intentando hacer login
2025-03-26 15:54:14 ---- Se ha hecho login
2025-03-26 15:55:50 ---- Se ha iniciado el menu
2025-03-26 15:55:51 ---- Se esta intentando hacer login
2025-03-26 15:55:55 ---- Se ha hecho login
2025-03-26 15:57:59 ---- Se ha cerrado el banco
